[2024-06-14 14:01:35] local.ERROR: SQLSTATE[42S22]: Column not found: 1054 Unknown column 'home_goal' in 'field list' (Connection: mysql, SQL: insert into `events` (`home_team`, `away_team`, `match_date`, `match_time`, `home_goal`, `away_goal`, `referee`, `updated_at`, `created_at`) values (SALERNITANA, FROSINONE, 2023-09-22, 16:30:00, 1, 1, MARCO PICCININI, 2024-06-14 14:01:35, 2024-06-14 14:01:35)) {"exception":"[object] (Illuminate\\Database\\QueryException(code: 42S22): SQLSTATE[42S22]: Column not found: 1054 Unknown column 'home_goal' in 'field list' (Connection: mysql, SQL: insert into `events` (`home_team`, `away_team`, `match_date`, `match_time`, `home_goal`, `away_goal`, `referee`, `updated_at`, `created_at`) values (SALERNITANA, FROSINONE, 2023-09-22, 16:30:00, 1, 1, MARCO PICCININI, 2024-06-14 14:01:35, 2024-06-14 14:01:35)) at /var/www/vendor/laravel/framework/src/Illuminate/Database/Connection.php:813)
[stacktrace]
#0 /var/www/vendor/laravel/framework/src/Illuminate/Database/Connection.php(767): Illuminate\\Database\\Connection->runQueryCallback('insert into `ev...', Array, Object(Closure))
#1 /var/www/vendor/laravel/framework/src/Illuminate/Database/Connection.php(560): Illuminate\\Database\\Connection->run('insert into `ev...', Array, Object(Closure))
#2 /var/www/vendor/laravel/framework/src/Illuminate/Database/Connection.php(524): Illuminate\\Database\\Connection->statement('insert into `ev...', Array)
#3 /var/www/vendor/laravel/framework/src/Illuminate/Database/Query/Processors/Processor.php(32): Illuminate\\Database\\Connection->insert('insert into `ev...', Array)
#4 /var/www/vendor/laravel/framework/src/Illuminate/Database/Query/Builder.php(3659): Illuminate\\Database\\Query\\Processors\\Processor->processInsertGetId(Object(Illuminate\\Database\\Query\\Builder), 'insert into `ev...', Array, 'id')
#5 /var/www/vendor/laravel/framework/src/Illuminate/Database/Eloquent/Builder.php(2025): Illuminate\\Database\\Query\\Builder->insertGetId(Array, 'id')
#6 /var/www/vendor/laravel/framework/src/Illuminate/Database/Eloquent/Model.php(1338): Illuminate\\Database\\Eloquent\\Builder->__call('insertGetId', Array)
#7 /var/www/vendor/laravel/framework/src/Illuminate/Database/Eloquent/Model.php(1303): Illuminate\\Database\\Eloquent\\Model->insertAndSetId(Object(Illuminate\\Database\\Eloquent\\Builder), Array)
#8 /var/www/vendor/laravel/framework/src/Illuminate/Database/Eloquent/Model.php(1142): Illuminate\\Database\\Eloquent\\Model->performInsert(Object(Illuminate\\Database\\Eloquent\\Builder))
#9 /var/www/vendor/laravel/framework/src/Illuminate/Database/Eloquent/Builder.php(1068): Illuminate\\Database\\Eloquent\\Model->save()
#10 /var/www/vendor/laravel/framework/src/Illuminate/Support/helpers.php(363): Illuminate\\Database\\Eloquent\\Builder->Illuminate\\Database\\Eloquent\\{closure}(Object(App\\Models\\Event))
#11 /var/www/vendor/laravel/framework/src/Illuminate/Database/Eloquent/Builder.php(1067): tap(Object(App\\Models\\Event), Object(Closure))
#12 /var/www/vendor/laravel/framework/src/Illuminate/Database/Eloquent/Builder.php(592): Illuminate\\Database\\Eloquent\\Builder->create(Array)
#13 /var/www/vendor/laravel/framework/src/Illuminate/Database/Eloquent/Builder.php(1771): Illuminate\\Database\\Eloquent\\Builder->Illuminate\\Database\\Eloquent\\{closure}()
#14 /var/www/vendor/laravel/framework/src/Illuminate/Database/Eloquent/Builder.php(592): Illuminate\\Database\\Eloquent\\Builder->withSavepointIfNeeded(Object(Closure))
#15 /var/www/vendor/laravel/framework/src/Illuminate/Database/Eloquent/Builder.php(579): Illuminate\\Database\\Eloquent\\Builder->createOrFirst(Array, Array)
#16 /var/www/vendor/laravel/framework/src/Illuminate/Database/Eloquent/Builder.php(607): Illuminate\\Database\\Eloquent\\Builder->firstOrCreate(Array, Array)
#17 /var/www/vendor/laravel/framework/src/Illuminate/Support/Traits/ForwardsCalls.php(23): Illuminate\\Database\\Eloquent\\Builder->updateOrCreate(Array, Array)
#18 /var/www/vendor/laravel/framework/src/Illuminate/Database/Eloquent/Model.php(2340): Illuminate\\Database\\Eloquent\\Model->forwardCallTo(Object(Illuminate\\Database\\Eloquent\\Builder), 'updateOrCreate', Array)
#19 /var/www/vendor/laravel/framework/src/Illuminate/Database/Eloquent/Model.php(2352): Illuminate\\Database\\Eloquent\\Model->__call('updateOrCreate', Array)
#20 /var/www/app/Console/Commands/ImportMatches.php(30): Illuminate\\Database\\Eloquent\\Model::__callStatic('updateOrCreate', Array)
#21 /var/www/vendor/laravel/framework/src/Illuminate/Container/BoundMethod.php(36): App\\Console\\Commands\\ImportMatches->handle()
#22 /var/www/vendor/laravel/framework/src/Illuminate/Container/Util.php(41): Illuminate\\Container\\BoundMethod::Illuminate\\Container\\{closure}()
#23 /var/www/vendor/laravel/framework/src/Illuminate/Container/BoundMethod.php(93): Illuminate\\Container\\Util::unwrapIfClosure(Object(Closure))
#24 /var/www/vendor/laravel/framework/src/Illuminate/Container/BoundMethod.php(35): Illuminate\\Container\\BoundMethod::callBoundMethod(Object(Illuminate\\Foundation\\Application), Array, Object(Closure))
#25 /var/www/vendor/laravel/framework/src/Illuminate/Container/Container.php(662): Illuminate\\Container\\BoundMethod::call(Object(Illuminate\\Foundation\\Application), Array, Array, NULL)
#26 /var/www/vendor/laravel/framework/src/Illuminate/Console/Command.php(213): Illuminate\\Container\\Container->call(Array)
#27 /var/www/vendor/symfony/console/Command/Command.php(279): Illuminate\\Console\\Command->execute(Object(Symfony\\Component\\Console\\Input\\ArgvInput), Object(Illuminate\\Console\\OutputStyle))
#28 /var/www/vendor/laravel/framework/src/Illuminate/Console/Command.php(182): Symfony\\Component\\Console\\Command\\Command->run(Object(Symfony\\Component\\Console\\Input\\ArgvInput), Object(Illuminate\\Console\\OutputStyle))
#29 /var/www/vendor/symfony/console/Application.php(1047): Illuminate\\Console\\Command->run(Object(Symfony\\Component\\Console\\Input\\ArgvInput), Object(Symfony\\Component\\Console\\Output\\ConsoleOutput))
#30 /var/www/vendor/symfony/console/Application.php(316): Symfony\\Component\\Console\\Application->doRunCommand(Object(App\\Console\\Commands\\ImportMatches), Object(Symfony\\Component\\Console\\Input\\ArgvInput), Object(Symfony\\Component\\Console\\Output\\ConsoleOutput))
#31 /var/www/vendor/symfony/console/Application.php(167): Symfony\\Component\\Console\\Application->doRun(Object(Symfony\\Component\\Console\\Input\\ArgvInput), Object(Symfony\\Component\\Console\\Output\\ConsoleOutput))
#32 /var/www/vendor/laravel/framework/src/Illuminate/Foundation/Console/Kernel.php(196): Symfony\\Component\\Console\\Application->run(Object(Symfony\\Component\\Console\\Input\\ArgvInput), Object(Symfony\\Component\\Console\\Output\\ConsoleOutput))
#33 /var/www/vendor/laravel/framework/src/Illuminate/Foundation/Application.php(1198): Illuminate\\Foundation\\Console\\Kernel->handle(Object(Symfony\\Component\\Console\\Input\\ArgvInput), Object(Symfony\\Component\\Console\\Output\\ConsoleOutput))
#34 /var/www/artisan(13): Illuminate\\Foundation\\Application->handleCommand(Object(Symfony\\Component\\Console\\Input\\ArgvInput))
#35 {main}

[previous exception] [object] (PDOException(code: 42S22): SQLSTATE[42S22]: Column not found: 1054 Unknown column 'home_goal' in 'field list' at /var/www/vendor/laravel/framework/src/Illuminate/Database/Connection.php:565)
[stacktrace]
#0 /var/www/vendor/laravel/framework/src/Illuminate/Database/Connection.php(565): PDO->prepare('insert into `ev...')
#1 /var/www/vendor/laravel/framework/src/Illuminate/Database/Connection.php(800): Illuminate\\Database\\Connection->Illuminate\\Database\\{closure}('insert into `ev...', Array)
#2 /var/www/vendor/laravel/framework/src/Illuminate/Database/Connection.php(767): Illuminate\\Database\\Connection->runQueryCallback('insert into `ev...', Array, Object(Closure))
#3 /var/www/vendor/laravel/framework/src/Illuminate/Database/Connection.php(560): Illuminate\\Database\\Connection->run('insert into `ev...', Array, Object(Closure))
#4 /var/www/vendor/laravel/framework/src/Illuminate/Database/Connection.php(524): Illuminate\\Database\\Connection->statement('insert into `ev...', Array)
#5 /var/www/vendor/laravel/framework/src/Illuminate/Database/Query/Processors/Processor.php(32): Illuminate\\Database\\Connection->insert('insert into `ev...', Array)
#6 /var/www/vendor/laravel/framework/src/Illuminate/Database/Query/Builder.php(3659): Illuminate\\Database\\Query\\Processors\\Processor->processInsertGetId(Object(Illuminate\\Database\\Query\\Builder), 'insert into `ev...', Array, 'id')
#7 /var/www/vendor/laravel/framework/src/Illuminate/Database/Eloquent/Builder.php(2025): Illuminate\\Database\\Query\\Builder->insertGetId(Array, 'id')
#8 /var/www/vendor/laravel/framework/src/Illuminate/Database/Eloquent/Model.php(1338): Illuminate\\Database\\Eloquent\\Builder->__call('insertGetId', Array)
#9 /var/www/vendor/laravel/framework/src/Illuminate/Database/Eloquent/Model.php(1303): Illuminate\\Database\\Eloquent\\Model->insertAndSetId(Object(Illuminate\\Database\\Eloquent\\Builder), Array)
#10 /var/www/vendor/laravel/framework/src/Illuminate/Database/Eloquent/Model.php(1142): Illuminate\\Database\\Eloquent\\Model->performInsert(Object(Illuminate\\Database\\Eloquent\\Builder))
#11 /var/www/vendor/laravel/framework/src/Illuminate/Database/Eloquent/Builder.php(1068): Illuminate\\Database\\Eloquent\\Model->save()
#12 /var/www/vendor/laravel/framework/src/Illuminate/Support/helpers.php(363): Illuminate\\Database\\Eloquent\\Builder->Illuminate\\Database\\Eloquent\\{closure}(Object(App\\Models\\Event))
#13 /var/www/vendor/laravel/framework/src/Illuminate/Database/Eloquent/Builder.php(1067): tap(Object(App\\Models\\Event), Object(Closure))
#14 /var/www/vendor/laravel/framework/src/Illuminate/Database/Eloquent/Builder.php(592): Illuminate\\Database\\Eloquent\\Builder->create(Array)
#15 /var/www/vendor/laravel/framework/src/Illuminate/Database/Eloquent/Builder.php(1771): Illuminate\\Database\\Eloquent\\Builder->Illuminate\\Database\\Eloquent\\{closure}()
#16 /var/www/vendor/laravel/framework/src/Illuminate/Database/Eloquent/Builder.php(592): Illuminate\\Database\\Eloquent\\Builder->withSavepointIfNeeded(Object(Closure))
#17 /var/www/vendor/laravel/framework/src/Illuminate/Database/Eloquent/Builder.php(579): Illuminate\\Database\\Eloquent\\Builder->createOrFirst(Array, Array)
#18 /var/www/vendor/laravel/framework/src/Illuminate/Database/Eloquent/Builder.php(607): Illuminate\\Database\\Eloquent\\Builder->firstOrCreate(Array, Array)
#19 /var/www/vendor/laravel/framework/src/Illuminate/Support/Traits/ForwardsCalls.php(23): Illuminate\\Database\\Eloquent\\Builder->updateOrCreate(Array, Array)
#20 /var/www/vendor/laravel/framework/src/Illuminate/Database/Eloquent/Model.php(2340): Illuminate\\Database\\Eloquent\\Model->forwardCallTo(Object(Illuminate\\Database\\Eloquent\\Builder), 'updateOrCreate', Array)
#21 /var/www/vendor/laravel/framework/src/Illuminate/Database/Eloquent/Model.php(2352): Illuminate\\Database\\Eloquent\\Model->__call('updateOrCreate', Array)
#22 /var/www/app/Console/Commands/ImportMatches.php(30): Illuminate\\Database\\Eloquent\\Model::__callStatic('updateOrCreate', Array)
#23 /var/www/vendor/laravel/framework/src/Illuminate/Container/BoundMethod.php(36): App\\Console\\Commands\\ImportMatches->handle()
#24 /var/www/vendor/laravel/framework/src/Illuminate/Container/Util.php(41): Illuminate\\Container\\BoundMethod::Illuminate\\Container\\{closure}()
#25 /var/www/vendor/laravel/framework/src/Illuminate/Container/BoundMethod.php(93): Illuminate\\Container\\Util::unwrapIfClosure(Object(Closure))
#26 /var/www/vendor/laravel/framework/src/Illuminate/Container/BoundMethod.php(35): Illuminate\\Container\\BoundMethod::callBoundMethod(Object(Illuminate\\Foundation\\Application), Array, Object(Closure))
#27 /var/www/vendor/laravel/framework/src/Illuminate/Container/Container.php(662): Illuminate\\Container\\BoundMethod::call(Object(Illuminate\\Foundation\\Application), Array, Array, NULL)
#28 /var/www/vendor/laravel/framework/src/Illuminate/Console/Command.php(213): Illuminate\\Container\\Container->call(Array)
#29 /var/www/vendor/symfony/console/Command/Command.php(279): Illuminate\\Console\\Command->execute(Object(Symfony\\Component\\Console\\Input\\ArgvInput), Object(Illuminate\\Console\\OutputStyle))
#30 /var/www/vendor/laravel/framework/src/Illuminate/Console/Command.php(182): Symfony\\Component\\Console\\Command\\Command->run(Object(Symfony\\Component\\Console\\Input\\ArgvInput), Object(Illuminate\\Console\\OutputStyle))
#31 /var/www/vendor/symfony/console/Application.php(1047): Illuminate\\Console\\Command->run(Object(Symfony\\Component\\Console\\Input\\ArgvInput), Object(Symfony\\Component\\Console\\Output\\ConsoleOutput))
#32 /var/www/vendor/symfony/console/Application.php(316): Symfony\\Component\\Console\\Application->doRunCommand(Object(App\\Console\\Commands\\ImportMatches), Object(Symfony\\Component\\Console\\Input\\ArgvInput), Object(Symfony\\Component\\Console\\Output\\ConsoleOutput))
#33 /var/www/vendor/symfony/console/Application.php(167): Symfony\\Component\\Console\\Application->doRun(Object(Symfony\\Component\\Console\\Input\\ArgvInput), Object(Symfony\\Component\\Console\\Output\\ConsoleOutput))
#34 /var/www/vendor/laravel/framework/src/Illuminate/Foundation/Console/Kernel.php(196): Symfony\\Component\\Console\\Application->run(Object(Symfony\\Component\\Console\\Input\\ArgvInput), Object(Symfony\\Component\\Console\\Output\\ConsoleOutput))
#35 /var/www/vendor/laravel/framework/src/Illuminate/Foundation/Application.php(1198): Illuminate\\Foundation\\Console\\Kernel->handle(Object(Symfony\\Component\\Console\\Input\\ArgvInput), Object(Symfony\\Component\\Console\\Output\\ConsoleOutput))
#36 /var/www/artisan(13): Illuminate\\Foundation\\Application->handleCommand(Object(Symfony\\Component\\Console\\Input\\ArgvInput))
#37 {main}
"} 
[2024-06-14 14:02:12] local.ERROR: SQLSTATE[42S22]: Column not found: 1054 Unknown column 'home_goal' in 'field list' (Connection: mysql, SQL: insert into `events` (`home_team`, `away_team`, `match_date`, `match_time`, `home_goal`, `away_goal`, `referee`, `updated_at`, `created_at`) values (SALERNITANA, FROSINONE, 2023-09-22, 16:30:00, 1, 1, MARCO PICCININI, 2024-06-14 14:02:12, 2024-06-14 14:02:12)) {"exception":"[object] (Illuminate\\Database\\QueryException(code: 42S22): SQLSTATE[42S22]: Column not found: 1054 Unknown column 'home_goal' in 'field list' (Connection: mysql, SQL: insert into `events` (`home_team`, `away_team`, `match_date`, `match_time`, `home_goal`, `away_goal`, `referee`, `updated_at`, `created_at`) values (SALERNITANA, FROSINONE, 2023-09-22, 16:30:00, 1, 1, MARCO PICCININI, 2024-06-14 14:02:12, 2024-06-14 14:02:12)) at /var/www/vendor/laravel/framework/src/Illuminate/Database/Connection.php:813)
[stacktrace]
#0 /var/www/vendor/laravel/framework/src/Illuminate/Database/Connection.php(767): Illuminate\\Database\\Connection->runQueryCallback('insert into `ev...', Array, Object(Closure))
#1 /var/www/vendor/laravel/framework/src/Illuminate/Database/Connection.php(560): Illuminate\\Database\\Connection->run('insert into `ev...', Array, Object(Closure))
#2 /var/www/vendor/laravel/framework/src/Illuminate/Database/Connection.php(524): Illuminate\\Database\\Connection->statement('insert into `ev...', Array)
#3 /var/www/vendor/laravel/framework/src/Illuminate/Database/Query/Processors/Processor.php(32): Illuminate\\Database\\Connection->insert('insert into `ev...', Array)
#4 /var/www/vendor/laravel/framework/src/Illuminate/Database/Query/Builder.php(3659): Illuminate\\Database\\Query\\Processors\\Processor->processInsertGetId(Object(Illuminate\\Database\\Query\\Builder), 'insert into `ev...', Array, 'id')
#5 /var/www/vendor/laravel/framework/src/Illuminate/Database/Eloquent/Builder.php(2025): Illuminate\\Database\\Query\\Builder->insertGetId(Array, 'id')
#6 /var/www/vendor/laravel/framework/src/Illuminate/Database/Eloquent/Model.php(1338): Illuminate\\Database\\Eloquent\\Builder->__call('insertGetId', Array)
#7 /var/www/vendor/laravel/framework/src/Illuminate/Database/Eloquent/Model.php(1303): Illuminate\\Database\\Eloquent\\Model->insertAndSetId(Object(Illuminate\\Database\\Eloquent\\Builder), Array)
#8 /var/www/vendor/laravel/framework/src/Illuminate/Database/Eloquent/Model.php(1142): Illuminate\\Database\\Eloquent\\Model->performInsert(Object(Illuminate\\Database\\Eloquent\\Builder))
#9 /var/www/vendor/laravel/framework/src/Illuminate/Database/Eloquent/Builder.php(1068): Illuminate\\Database\\Eloquent\\Model->save()
#10 /var/www/vendor/laravel/framework/src/Illuminate/Support/helpers.php(363): Illuminate\\Database\\Eloquent\\Builder->Illuminate\\Database\\Eloquent\\{closure}(Object(App\\Models\\Event))
#11 /var/www/vendor/laravel/framework/src/Illuminate/Database/Eloquent/Builder.php(1067): tap(Object(App\\Models\\Event), Object(Closure))
#12 /var/www/vendor/laravel/framework/src/Illuminate/Database/Eloquent/Builder.php(592): Illuminate\\Database\\Eloquent\\Builder->create(Array)
#13 /var/www/vendor/laravel/framework/src/Illuminate/Database/Eloquent/Builder.php(1771): Illuminate\\Database\\Eloquent\\Builder->Illuminate\\Database\\Eloquent\\{closure}()
#14 /var/www/vendor/laravel/framework/src/Illuminate/Database/Eloquent/Builder.php(592): Illuminate\\Database\\Eloquent\\Builder->withSavepointIfNeeded(Object(Closure))
#15 /var/www/vendor/laravel/framework/src/Illuminate/Database/Eloquent/Builder.php(579): Illuminate\\Database\\Eloquent\\Builder->createOrFirst(Array, Array)
#16 /var/www/vendor/laravel/framework/src/Illuminate/Database/Eloquent/Builder.php(607): Illuminate\\Database\\Eloquent\\Builder->firstOrCreate(Array, Array)
#17 /var/www/vendor/laravel/framework/src/Illuminate/Support/Traits/ForwardsCalls.php(23): Illuminate\\Database\\Eloquent\\Builder->updateOrCreate(Array, Array)
#18 /var/www/vendor/laravel/framework/src/Illuminate/Database/Eloquent/Model.php(2340): Illuminate\\Database\\Eloquent\\Model->forwardCallTo(Object(Illuminate\\Database\\Eloquent\\Builder), 'updateOrCreate', Array)
#19 /var/www/vendor/laravel/framework/src/Illuminate/Database/Eloquent/Model.php(2352): Illuminate\\Database\\Eloquent\\Model->__call('updateOrCreate', Array)
#20 /var/www/app/Console/Commands/ImportMatches.php(30): Illuminate\\Database\\Eloquent\\Model::__callStatic('updateOrCreate', Array)
#21 /var/www/vendor/laravel/framework/src/Illuminate/Container/BoundMethod.php(36): App\\Console\\Commands\\ImportMatches->handle()
#22 /var/www/vendor/laravel/framework/src/Illuminate/Container/Util.php(41): Illuminate\\Container\\BoundMethod::Illuminate\\Container\\{closure}()
#23 /var/www/vendor/laravel/framework/src/Illuminate/Container/BoundMethod.php(93): Illuminate\\Container\\Util::unwrapIfClosure(Object(Closure))
#24 /var/www/vendor/laravel/framework/src/Illuminate/Container/BoundMethod.php(35): Illuminate\\Container\\BoundMethod::callBoundMethod(Object(Illuminate\\Foundation\\Application), Array, Object(Closure))
#25 /var/www/vendor/laravel/framework/src/Illuminate/Container/Container.php(662): Illuminate\\Container\\BoundMethod::call(Object(Illuminate\\Foundation\\Application), Array, Array, NULL)
#26 /var/www/vendor/laravel/framework/src/Illuminate/Console/Command.php(213): Illuminate\\Container\\Container->call(Array)
#27 /var/www/vendor/symfony/console/Command/Command.php(279): Illuminate\\Console\\Command->execute(Object(Symfony\\Component\\Console\\Input\\ArgvInput), Object(Illuminate\\Console\\OutputStyle))
#28 /var/www/vendor/laravel/framework/src/Illuminate/Console/Command.php(182): Symfony\\Component\\Console\\Command\\Command->run(Object(Symfony\\Component\\Console\\Input\\ArgvInput), Object(Illuminate\\Console\\OutputStyle))
#29 /var/www/vendor/symfony/console/Application.php(1047): Illuminate\\Console\\Command->run(Object(Symfony\\Component\\Console\\Input\\ArgvInput), Object(Symfony\\Component\\Console\\Output\\ConsoleOutput))
#30 /var/www/vendor/symfony/console/Application.php(316): Symfony\\Component\\Console\\Application->doRunCommand(Object(App\\Console\\Commands\\ImportMatches), Object(Symfony\\Component\\Console\\Input\\ArgvInput), Object(Symfony\\Component\\Console\\Output\\ConsoleOutput))
#31 /var/www/vendor/symfony/console/Application.php(167): Symfony\\Component\\Console\\Application->doRun(Object(Symfony\\Component\\Console\\Input\\ArgvInput), Object(Symfony\\Component\\Console\\Output\\ConsoleOutput))
#32 /var/www/vendor/laravel/framework/src/Illuminate/Foundation/Console/Kernel.php(196): Symfony\\Component\\Console\\Application->run(Object(Symfony\\Component\\Console\\Input\\ArgvInput), Object(Symfony\\Component\\Console\\Output\\ConsoleOutput))
#33 /var/www/vendor/laravel/framework/src/Illuminate/Foundation/Application.php(1198): Illuminate\\Foundation\\Console\\Kernel->handle(Object(Symfony\\Component\\Console\\Input\\ArgvInput), Object(Symfony\\Component\\Console\\Output\\ConsoleOutput))
#34 /var/www/artisan(13): Illuminate\\Foundation\\Application->handleCommand(Object(Symfony\\Component\\Console\\Input\\ArgvInput))
#35 {main}

[previous exception] [object] (PDOException(code: 42S22): SQLSTATE[42S22]: Column not found: 1054 Unknown column 'home_goal' in 'field list' at /var/www/vendor/laravel/framework/src/Illuminate/Database/Connection.php:565)
[stacktrace]
#0 /var/www/vendor/laravel/framework/src/Illuminate/Database/Connection.php(565): PDO->prepare('insert into `ev...')
#1 /var/www/vendor/laravel/framework/src/Illuminate/Database/Connection.php(800): Illuminate\\Database\\Connection->Illuminate\\Database\\{closure}('insert into `ev...', Array)
#2 /var/www/vendor/laravel/framework/src/Illuminate/Database/Connection.php(767): Illuminate\\Database\\Connection->runQueryCallback('insert into `ev...', Array, Object(Closure))
#3 /var/www/vendor/laravel/framework/src/Illuminate/Database/Connection.php(560): Illuminate\\Database\\Connection->run('insert into `ev...', Array, Object(Closure))
#4 /var/www/vendor/laravel/framework/src/Illuminate/Database/Connection.php(524): Illuminate\\Database\\Connection->statement('insert into `ev...', Array)
#5 /var/www/vendor/laravel/framework/src/Illuminate/Database/Query/Processors/Processor.php(32): Illuminate\\Database\\Connection->insert('insert into `ev...', Array)
#6 /var/www/vendor/laravel/framework/src/Illuminate/Database/Query/Builder.php(3659): Illuminate\\Database\\Query\\Processors\\Processor->processInsertGetId(Object(Illuminate\\Database\\Query\\Builder), 'insert into `ev...', Array, 'id')
#7 /var/www/vendor/laravel/framework/src/Illuminate/Database/Eloquent/Builder.php(2025): Illuminate\\Database\\Query\\Builder->insertGetId(Array, 'id')
#8 /var/www/vendor/laravel/framework/src/Illuminate/Database/Eloquent/Model.php(1338): Illuminate\\Database\\Eloquent\\Builder->__call('insertGetId', Array)
#9 /var/www/vendor/laravel/framework/src/Illuminate/Database/Eloquent/Model.php(1303): Illuminate\\Database\\Eloquent\\Model->insertAndSetId(Object(Illuminate\\Database\\Eloquent\\Builder), Array)
#10 /var/www/vendor/laravel/framework/src/Illuminate/Database/Eloquent/Model.php(1142): Illuminate\\Database\\Eloquent\\Model->performInsert(Object(Illuminate\\Database\\Eloquent\\Builder))
#11 /var/www/vendor/laravel/framework/src/Illuminate/Database/Eloquent/Builder.php(1068): Illuminate\\Database\\Eloquent\\Model->save()
#12 /var/www/vendor/laravel/framework/src/Illuminate/Support/helpers.php(363): Illuminate\\Database\\Eloquent\\Builder->Illuminate\\Database\\Eloquent\\{closure}(Object(App\\Models\\Event))
#13 /var/www/vendor/laravel/framework/src/Illuminate/Database/Eloquent/Builder.php(1067): tap(Object(App\\Models\\Event), Object(Closure))
#14 /var/www/vendor/laravel/framework/src/Illuminate/Database/Eloquent/Builder.php(592): Illuminate\\Database\\Eloquent\\Builder->create(Array)
#15 /var/www/vendor/laravel/framework/src/Illuminate/Database/Eloquent/Builder.php(1771): Illuminate\\Database\\Eloquent\\Builder->Illuminate\\Database\\Eloquent\\{closure}()
#16 /var/www/vendor/laravel/framework/src/Illuminate/Database/Eloquent/Builder.php(592): Illuminate\\Database\\Eloquent\\Builder->withSavepointIfNeeded(Object(Closure))
#17 /var/www/vendor/laravel/framework/src/Illuminate/Database/Eloquent/Builder.php(579): Illuminate\\Database\\Eloquent\\Builder->createOrFirst(Array, Array)
#18 /var/www/vendor/laravel/framework/src/Illuminate/Database/Eloquent/Builder.php(607): Illuminate\\Database\\Eloquent\\Builder->firstOrCreate(Array, Array)
#19 /var/www/vendor/laravel/framework/src/Illuminate/Support/Traits/ForwardsCalls.php(23): Illuminate\\Database\\Eloquent\\Builder->updateOrCreate(Array, Array)
#20 /var/www/vendor/laravel/framework/src/Illuminate/Database/Eloquent/Model.php(2340): Illuminate\\Database\\Eloquent\\Model->forwardCallTo(Object(Illuminate\\Database\\Eloquent\\Builder), 'updateOrCreate', Array)
#21 /var/www/vendor/laravel/framework/src/Illuminate/Database/Eloquent/Model.php(2352): Illuminate\\Database\\Eloquent\\Model->__call('updateOrCreate', Array)
#22 /var/www/app/Console/Commands/ImportMatches.php(30): Illuminate\\Database\\Eloquent\\Model::__callStatic('updateOrCreate', Array)
#23 /var/www/vendor/laravel/framework/src/Illuminate/Container/BoundMethod.php(36): App\\Console\\Commands\\ImportMatches->handle()
#24 /var/www/vendor/laravel/framework/src/Illuminate/Container/Util.php(41): Illuminate\\Container\\BoundMethod::Illuminate\\Container\\{closure}()
#25 /var/www/vendor/laravel/framework/src/Illuminate/Container/BoundMethod.php(93): Illuminate\\Container\\Util::unwrapIfClosure(Object(Closure))
#26 /var/www/vendor/laravel/framework/src/Illuminate/Container/BoundMethod.php(35): Illuminate\\Container\\BoundMethod::callBoundMethod(Object(Illuminate\\Foundation\\Application), Array, Object(Closure))
#27 /var/www/vendor/laravel/framework/src/Illuminate/Container/Container.php(662): Illuminate\\Container\\BoundMethod::call(Object(Illuminate\\Foundation\\Application), Array, Array, NULL)
#28 /var/www/vendor/laravel/framework/src/Illuminate/Console/Command.php(213): Illuminate\\Container\\Container->call(Array)
#29 /var/www/vendor/symfony/console/Command/Command.php(279): Illuminate\\Console\\Command->execute(Object(Symfony\\Component\\Console\\Input\\ArgvInput), Object(Illuminate\\Console\\OutputStyle))
#30 /var/www/vendor/laravel/framework/src/Illuminate/Console/Command.php(182): Symfony\\Component\\Console\\Command\\Command->run(Object(Symfony\\Component\\Console\\Input\\ArgvInput), Object(Illuminate\\Console\\OutputStyle))
#31 /var/www/vendor/symfony/console/Application.php(1047): Illuminate\\Console\\Command->run(Object(Symfony\\Component\\Console\\Input\\ArgvInput), Object(Symfony\\Component\\Console\\Output\\ConsoleOutput))
#32 /var/www/vendor/symfony/console/Application.php(316): Symfony\\Component\\Console\\Application->doRunCommand(Object(App\\Console\\Commands\\ImportMatches), Object(Symfony\\Component\\Console\\Input\\ArgvInput), Object(Symfony\\Component\\Console\\Output\\ConsoleOutput))
#33 /var/www/vendor/symfony/console/Application.php(167): Symfony\\Component\\Console\\Application->doRun(Object(Symfony\\Component\\Console\\Input\\ArgvInput), Object(Symfony\\Component\\Console\\Output\\ConsoleOutput))
#34 /var/www/vendor/laravel/framework/src/Illuminate/Foundation/Console/Kernel.php(196): Symfony\\Component\\Console\\Application->run(Object(Symfony\\Component\\Console\\Input\\ArgvInput), Object(Symfony\\Component\\Console\\Output\\ConsoleOutput))
#35 /var/www/vendor/laravel/framework/src/Illuminate/Foundation/Application.php(1198): Illuminate\\Foundation\\Console\\Kernel->handle(Object(Symfony\\Component\\Console\\Input\\ArgvInput), Object(Symfony\\Component\\Console\\Output\\ConsoleOutput))
#36 /var/www/artisan(13): Illuminate\\Foundation\\Application->handleCommand(Object(Symfony\\Component\\Console\\Input\\ArgvInput))
#37 {main}
"} 
